================================================================================
BOOSTING BASELINES — 5-FOLD CROSS VALIDATION
================================================================================

Dataset shape : 1,006 rows × 45 columns
Target column : fiyat_log
Feature matrix: 1,006 rows × 44 features

────────────────────────────────────────────────────────────
  XGBoost
────────────────────────────────────────────────────────────
  Fold   RMSE           MAE            R²        
  --------------------------------------------------
  1      0.198123       0.139535       0.827703  
  2      0.180394       0.136712       0.880913  
  3      0.211963       0.149457       0.810738  
  4      0.182628       0.137096       0.871411  
  5      0.201685       0.141027       0.850771  

  Mean RMSE : 0.194959  (± 0.011904)
  Mean MAE  : 0.140765
  Mean R²   : 0.848307

────────────────────────────────────────────────────────────
  LightGBM
────────────────────────────────────────────────────────────
  Fold   RMSE           MAE            R²        
  --------------------------------------------------
  1      0.202413       0.147572       0.820160  
  2      0.190836       0.145534       0.866728  
  3      0.200275       0.144856       0.831035  
  4      0.191021       0.140568       0.859321  
  5      0.205459       0.150397       0.845133  

  Mean RMSE : 0.198001  (± 0.006005)
  Mean MAE  : 0.145785
  Mean R²   : 0.844475

────────────────────────────────────────────────────────────
  CatBoost
────────────────────────────────────────────────────────────
  Fold   RMSE           MAE            R²        
  --------------------------------------------------
  1      0.197632       0.141686       0.828556  
  2      0.178252       0.135144       0.883725  
  3      0.191028       0.138073       0.846278  
  4      0.170267       0.129556       0.888229  
  5      0.185007       0.124971       0.874431  

  Mean RMSE : 0.184437  (± 0.009559)
  Mean MAE  : 0.133886
  Mean R²   : 0.864244

────────────────────────────────────────────────────────────
  ExtraTrees
────────────────────────────────────────────────────────────
  Fold   RMSE           MAE            R²        
  --------------------------------------------------
  1      0.199349       0.141396       0.825564  
  2      0.193810       0.140816       0.862542  
  3      0.204295       0.152814       0.824184  
  4      0.181403       0.135247       0.873130  
  5      0.198943       0.144120       0.854801  

  Mean RMSE : 0.195560  (± 0.007818)
  Mean MAE  : 0.142878
  Mean R²   : 0.848044

================================================================================
MODEL COMPARISON SUMMARY
================================================================================

  Model             Mean RMSE      ± Std     Mean MAE    Mean R²
  --------------------------------------------------------------
  CatBoost           0.184437   0.009559     0.133886   0.864244  ← best
  XGBoost            0.194959   0.011904     0.140765   0.848307
  ExtraTrees         0.195560   0.007818     0.142878   0.848044
  LightGBM           0.198001   0.006005     0.145785   0.844475

Best model   : CatBoost
Best RMSE    : 0.184437  (± 0.009559)
================================================================================
