================================================================================
DATASET OVERVIEW
================================================================================
Shape: 1,258 rows × 16 columns
Memory usage: 1.10 MB

Column Information:
Column                    Type            Non-Null     Null %
--------------------------------------------------------------------------------
mahalle                   object          1,258          0.00%
fiyat                     int64           1,258          0.00%
net_m2                    int64           1,258          0.00%
oda_sayisi                object          1,258          0.00%
bina_yasi                 object          1,258          0.00%
bulundugu_kat             object          1,258          0.00%
kat_sayisi                object          1,258          0.00%
banyo_sayisi              float64         1,258          0.00%
balkon                    object          1,258          0.00%
asansor                   object          1,258          0.00%
otopark                   object          1,258          0.00%
esyali                    object          1,258          0.00%
site_icerisinde           object          1,258          0.00%
kullanim_durumu           object          1,258          0.00%
tapu_durumu               object          1,258          0.00%
isinma                    object          1,258          0.00%

Numerical columns (3): fiyat, net_m2, banyo_sayisi
Categorical columns (13): mahalle, oda_sayisi, bina_yasi, bulundugu_kat, kat_sayisi, balkon, asansor, otopark, esyali, site_icerisinde, kullanim_durumu, tapu_durumu, isinma

================================================================================
NUMERICAL VARIABLES SUMMARY
================================================================================

Descriptive Statistics:
               fiyat       net_m2  banyo_sayisi
count    1258.000000  1258.000000   1258.000000
mean    45757.224960    80.376789      1.236884
std     29285.124433    37.565593      0.491299
min      8000.000000    15.000000      1.000000
25%     27312.500000    55.000000      1.000000
50%     37000.000000    75.000000      1.000000
75%     52000.000000   100.000000      1.000000
max    250000.000000   360.000000      6.000000


Additional Statistics:

fiyat:
  Range: 8000.00 - 250000.00
  IQR: 24687.50
  Skewness: 2.42
  Kurtosis: 7.72

net_m2:
  Range: 15.00 - 360.00
  IQR: 45.00
  Skewness: 1.42
  Kurtosis: 4.61

banyo_sayisi:
  Range: 1.00 - 6.00
  IQR: 0.00
  Skewness: 2.50
  Kurtosis: 10.16

================================================================================
CATEGORICAL VARIABLES ANALYSIS
================================================================================

mahalle:
  Unique values: 17
  Value counts:
    Kayışdağı Mh.: 210 (16.7%)
    İnönü Mh.: 186 (14.8%)
    Atatürk Mh.: 179 (14.2%)
    İçerenköy Mh.: 147 (11.7%)
    Barbaros: 146 (11.6%)
    Küçükbakkalköy Mh.: 111 (8.8%)
    Örnek Mh.: 86 (6.8%)
    Esatpaşa Mh.: 55 (4.4%)
    Ferhatpaşa Mh.: 24 (1.9%)
    Aşıkveysel Mh.: 23 (1.8%)
    Mevlana: 20 (1.6%)
    Mustafa Kemal: 20 (1.6%)
    Yenişehir Mh.: 18 (1.4%)
    Fetih: 12 (1.0%)
    Yeni Çamlıca Mh.: 10 (0.8%)
    Mimar Sinan: 8 (0.6%)
    Yeni Sahra: 3 (0.2%)

oda_sayisi:
  Unique values: 15
  Value counts:
    2+1: 435 (34.6%)
    1+1: 340 (27.0%)
    3+1: 308 (24.5%)
    Stüdyo (1+0): 95 (7.6%)
    4+1: 34 (2.7%)
    1.5+1: 13 (1.0%)
    4+2: 7 (0.6%)
    2+2: 5 (0.4%)
    3+2: 5 (0.4%)
    5+1: 4 (0.3%)
    3.5+1: 4 (0.3%)
    2.5+1: 3 (0.2%)
    5+2: 2 (0.2%)
    6+1: 2 (0.2%)
    2+0: 1 (0.1%)

bina_yasi:
  Unique values: 12
  Value counts:
    11-15 arası: 309 (24.6%)
    6-10 arası: 291 (23.1%)
    16-20 arası: 147 (11.7%)
    26-30 arası: 146 (11.6%)
    21-25 arası: 111 (8.8%)
    31 ve üzeri: 77 (6.1%)
    0: 64 (5.1%)
    5: 57 (4.5%)
    4: 27 (2.1%)
    3: 15 (1.2%)
    1: 11 (0.9%)
    2: 3 (0.2%)

bulundugu_kat:
  Unique values: 40
  Value counts:
    2: 174 (13.8%)
    3: 165 (13.1%)
    1: 124 (9.9%)
    4: 102 (8.1%)
    Yüksek Giriş: 85 (6.8%)
    Bahçe Katı: 84 (6.7%)
    5: 49 (3.9%)
    Giriş Katı: 45 (3.6%)
    7: 41 (3.3%)
    8: 39 (3.1%)
    6: 38 (3.0%)
    30 ve üzeri: 36 (2.9%)
    Çatı Katı: 30 (2.4%)
    10: 24 (1.9%)
    12: 24 (1.9%)
    9: 23 (1.8%)
    Giriş Altı Kot 1: 15 (1.2%)
    13: 14 (1.1%)
    20: 14 (1.1%)
    11: 14 (1.1%)
    16: 13 (1.0%)
    18: 13 (1.0%)
    Zemin Kat: 11 (0.9%)
    17: 8 (0.6%)
    21: 8 (0.6%)
    23: 7 (0.6%)
    22: 7 (0.6%)
    25: 7 (0.6%)
    24: 6 (0.5%)
    Bodrum Kat: 6 (0.5%)
    26: 5 (0.4%)
    15: 5 (0.4%)
    27: 5 (0.4%)
    Giriş Altı Kot 3: 4 (0.3%)
    14: 4 (0.3%)
    19: 3 (0.2%)
    29: 2 (0.2%)
    Giriş Altı Kot 2: 2 (0.2%)
    Müstakil: 1 (0.1%)
    28: 1 (0.1%)

kat_sayisi:
  Unique values: 30
  Value counts:
    4: 295 (23.4%)
    3: 200 (15.9%)
    30 ve üzeri: 170 (13.5%)
    5: 149 (11.8%)
    10: 47 (3.7%)
    2: 42 (3.3%)
    6: 42 (3.3%)
    8: 40 (3.2%)
    7: 37 (2.9%)
    9: 34 (2.7%)
    13: 24 (1.9%)
    12: 23 (1.8%)
    15: 15 (1.2%)
    20: 13 (1.0%)
    27: 12 (1.0%)
    14: 12 (1.0%)
    24: 12 (1.0%)
    22: 11 (0.9%)
    16: 11 (0.9%)
    11: 10 (0.8%)
    21: 10 (0.8%)
    19: 9 (0.7%)
    17: 9 (0.7%)
    18: 8 (0.6%)
    23: 6 (0.5%)
    1: 5 (0.4%)
    29: 4 (0.3%)
    25: 3 (0.2%)
    28: 3 (0.2%)
    26: 2 (0.2%)

balkon:
  Unique values: 2
  Value counts:
    Evet: 686 (54.5%)
    Hayır: 572 (45.5%)

asansor:
  Unique values: 2
  Value counts:
    Evet: 906 (72.0%)
    Hayır: 352 (28.0%)

otopark:
  Unique values: 2
  Value counts:
    Evet: 926 (73.6%)
    Hayır: 332 (26.4%)

esyali:
  Unique values: 2
  Value counts:
    Hayır: 802 (63.8%)
    Evet: 456 (36.2%)

site_icerisinde:
  Unique values: 2
  Value counts:
    Hayır: 762 (60.6%)
    Evet: 496 (39.4%)

kullanim_durumu:
  Unique values: 3
  Value counts:
    Boş: 1,181 (93.9%)
    Kiracılı: 65 (5.2%)
    Mülk Sahibi: 12 (1.0%)

tapu_durumu:
  Unique values: 8
  Value counts:
    Kat Mülkiyetli: 933 (74.2%)
    Kat İrtifaklı: 172 (13.7%)
    Arsa Tapulu: 67 (5.3%)
    Hisseli Tapu: 28 (2.2%)
    Tapu Kaydı Yok: 27 (2.1%)
    Müstakil Tapulu: 26 (2.1%)
    Kooperatif Hisseli Tapu: 3 (0.2%)
    İntifa Hakkı Tesisli: 2 (0.2%)

isinma:
  Unique values: 11
  Value counts:
    Kombi (Doğalgaz): 839 (66.7%)
    Merkezi (Pay Ölçer): 306 (24.3%)
    Merkezi: 70 (5.6%)
    Yerden Isıtma: 19 (1.5%)
    Soba: 8 (0.6%)
    Yok: 6 (0.5%)
    Doğalgaz Sobası: 4 (0.3%)
    Kat Kaloriferi: 3 (0.2%)
    Klima: 1 (0.1%)
    Kombi (Elektrik): 1 (0.1%)
    Fancoil Ünitesi: 1 (0.1%)

================================================================================
CATEGORICAL VARIABLES IMPACT ON PRICE
================================================================================

mahalle:
  Category                       Mean Price      Median Price    Count
  ---------------------------------------------------------------------------
  Barbaros                              76,821 ₺         70,500 ₺  146
  Atatürk Mh.                           71,302 ₺         65,000 ₺  179
  Yenişehir Mh.                         56,250 ₺         55,000 ₺  18
  Küçükbakkalköy Mh.                    55,851 ₺         47,500 ₺  111
  Aşıkveysel Mh.                        38,543 ₺         39,000 ₺  23
  İçerenköy Mh.                         37,692 ₺         37,000 ₺  147
  Örnek Mh.                             37,675 ₺         36,000 ₺  86
  Fetih                                 36,750 ₺         34,500 ₺  12
  Esatpaşa Mh.                          35,091 ₺         34,000 ₺  55
  Mevlana                               32,850 ₺         29,750 ₺  20
  İnönü Mh.                             31,951 ₺         30,000 ₺  186
  Yeni Çamlıca Mh.                      29,400 ₺         30,000 ₺  10
  Kayışdağı Mh.                         28,733 ₺         28,000 ₺  210
  Mustafa Kemal                         28,262 ₺         26,000 ₺  20
  Ferhatpaşa Mh.                        25,621 ₺         26,000 ₺  24
  Mimar Sinan                           20,875 ₺         22,500 ₺  8
  Yeni Sahra                            19,500 ₺         20,500 ₺  3

oda_sayisi:
  Category                       Mean Price      Median Price    Count
  ---------------------------------------------------------------------------
  6+1                                  141,250 ₺        141,250 ₺  2
  5+1                                  138,000 ₺        126,000 ₺  4
  5+2                                  112,500 ₺        112,500 ₺  2
  4+1                                  106,471 ₺        111,000 ₺  34
  4+2                                   90,286 ₺         70,000 ₺  7
  3.5+1                                 82,375 ₺         69,750 ₺  4
  2+2                                   67,600 ₺         50,000 ₺  5
  3+2                                   60,000 ₺         60,000 ₺  5
  3+1                                   59,184 ₺         47,000 ₺  308
  1.5+1                                 46,115 ₺         49,000 ₺  13
  2+1                                   40,786 ₺         35,000 ₺  435
  2.5+1                                 39,167 ₺         40,000 ₺  3
  1+1                                   35,736 ₺         32,000 ₺  340
  Stüdyo (1+0)                          25,555 ₺         23,000 ₺  95
  2+0                                   18,000 ₺         18,000 ₺  1

bina_yasi:
  Category                       Mean Price      Median Price    Count
  ---------------------------------------------------------------------------
  1                                     64,664 ₺         45,000 ₺  11
  0                                     52,687 ₺         37,750 ₺  64
  2                                     52,317 ₺         55,000 ₺  3
  16-20 arası                           51,294 ₺         38,000 ₺  147
  11-15 arası                           50,852 ₺         42,000 ₺  309
  6-10 arası                            44,691 ₺         35,000 ₺  291
  26-30 arası                           42,366 ₺         37,000 ₺  146
  21-25 arası                           41,855 ₺         36,000 ₺  111
  4                                     40,326 ₺         35,000 ₺  27
  5                                     38,658 ₺         34,000 ₺  57
  3                                     35,767 ₺         38,000 ₺  15
  31 ve üzeri                           31,216 ₺         30,000 ₺  77

bulundugu_kat:
  Category                       Mean Price      Median Price    Count
  ---------------------------------------------------------------------------
  29                                    90,600 ₺         90,600 ₺  2
  20                                    88,714 ₺         75,000 ₺  14
  18                                    88,538 ₺         83,000 ₺  13
  13                                    88,379 ₺         74,750 ₺  14
  19                                    88,333 ₺         90,000 ₺  3
  21                                    87,375 ₺         73,500 ₺  8
  30 ve üzeri                           84,842 ₺         60,350 ₺  36
  15                                    82,400 ₺         95,000 ₺  5
  26                                    79,000 ₺         90,000 ₺  5
  17                                    72,812 ₺         84,000 ₺  8
  12                                    72,288 ₺         65,000 ₺  24
  9                                     68,396 ₺         57,000 ₺  23
  23                                    67,750 ₺         64,750 ₺  7
  11                                    67,600 ₺         66,500 ₺  14
  24                                    67,250 ₺         65,000 ₺  6
  22                                    63,643 ₺         60,000 ₺  7
  16                                    62,549 ₺         50,000 ₺  13
  6                                     61,039 ₺         48,500 ₺  38
  28                                    60,000 ₺         60,000 ₺  1
  7                                     58,412 ₺         48,000 ₺  41
  10                                    56,373 ₺         53,475 ₺  24
  8                                     53,449 ₺         47,000 ₺  39
  27                                    51,800 ₺         47,000 ₺  5
  14                                    50,250 ₺         50,000 ₺  4
  5                                     46,360 ₺         40,000 ₺  49
  25                                    46,000 ₺         46,000 ₺  7
  3                                     40,933 ₺         35,000 ₺  165
  4                                     40,351 ₺         36,000 ₺  102
  2                                     37,893 ₺         34,500 ₺  174
  1                                     36,767 ₺         35,000 ₺  124
  Yüksek Giriş                          32,997 ₺         30,000 ₺  85
  Bahçe Katı                            32,891 ₺         25,000 ₺  84
  Giriş Altı Kot 1                      28,397 ₺         26,000 ₺  15
  Giriş Katı                            28,289 ₺         26,500 ₺  45
  Çatı Katı                             27,557 ₺         26,000 ₺  30
  Giriş Altı Kot 2                      26,750 ₺         26,750 ₺  2
  Zemin Kat                             24,273 ₺         26,000 ₺  11
  Giriş Altı Kot 3                      24,250 ₺         24,000 ₺  4
  Bodrum Kat                            23,333 ₺         23,000 ₺  6
  Müstakil                              14,000 ₺         14,000 ₺  1

kat_sayisi:
  Category                       Mean Price      Median Price    Count
  ---------------------------------------------------------------------------
  21                                   130,700 ₺        145,000 ₺  10
  28                                   112,500 ₺        100,000 ₺  3
  27                                    89,458 ₺         84,000 ₺  12
  23                                    85,917 ₺         89,000 ₺  6
  24                                    83,583 ₺         85,500 ₺  12
  29                                    80,475 ₺         82,950 ₺  4
  16                                    78,136 ₺         71,000 ₺  11
  17                                    76,956 ₺         65,000 ₺  9
  20                                    75,958 ₺         65,000 ₺  13
  13                                    72,833 ₺         65,000 ₺  24
  30 ve üzeri                           71,343 ₺         60,000 ₺  170
  22                                    69,273 ₺         70,000 ₺  11
  12                                    66,196 ₺         45,000 ₺  23
  18                                    59,812 ₺         54,500 ₺  8
  19                                    58,556 ₺         58,000 ₺  9
  14                                    58,058 ₺         50,000 ₺  12
  11                                    56,050 ₺         53,000 ₺  10
  25                                    55,367 ₺         52,000 ₺  3
  10                                    51,234 ₺         50,000 ₺  47
  7                                     48,789 ₺         45,000 ₺  37
  15                                    48,133 ₺         44,000 ₺  15
  26                                    47,500 ₺         47,500 ₺  2
  8                                     44,112 ₺         41,500 ₺  40
  9                                     43,909 ₺         41,500 ₺  34
  6                                     39,298 ₺         38,250 ₺  42
  5                                     35,566 ₺         34,000 ₺  149
  4                                     31,925 ₺         29,000 ₺  295
  2                                     30,886 ₺         30,000 ₺  42
  3                                     29,060 ₺         27,500 ₺  200
  1                                     22,100 ₺         18,000 ₺  5

balkon:
  Category                       Mean Price      Median Price    Count
  ---------------------------------------------------------------------------
  Evet                                  47,847 ₺         38,500 ₺  686
  Hayır                                 43,251 ₺         35,000 ₺  572

asansor:
  Category                       Mean Price      Median Price    Count
  ---------------------------------------------------------------------------
  Evet                                  52,661 ₺         43,000 ₺  906
  Hayır                                 27,988 ₺         27,000 ₺  352

otopark:
  Category                       Mean Price      Median Price    Count
  ---------------------------------------------------------------------------
  Evet                                  51,773 ₺         42,000 ₺  926
  Hayır                                 28,980 ₺         28,000 ₺  332

esyali:
  Category                       Mean Price      Median Price    Count
  ---------------------------------------------------------------------------
  Hayır                                 48,843 ₺         39,250 ₺  802
  Evet                                  40,331 ₺         32,250 ₺  456

site_icerisinde:
  Category                       Mean Price      Median Price    Count
  ---------------------------------------------------------------------------
  Evet                                  65,942 ₺         55,500 ₺  496
  Hayır                                 32,619 ₺         30,000 ₺  762

kullanim_durumu:
  Category                       Mean Price      Median Price    Count
  ---------------------------------------------------------------------------
  Mülk Sahibi                           68,958 ₺         56,500 ₺  12
  Kiracılı                              65,984 ₺         55,000 ₺  65
  Boş                                   44,408 ₺         36,000 ₺  1,181

tapu_durumu:
  Category                       Mean Price      Median Price    Count
  ---------------------------------------------------------------------------
  Tapu Kaydı Yok                        59,648 ₺         35,000 ₺  27
  Kat Mülkiyetli                        48,769 ₺         40,000 ₺  933
  Kooperatif Hisseli Tapu               43,967 ₺         30,000 ₺  3
  Kat İrtifaklı                         39,483 ₺         35,000 ₺  172
  Arsa Tapulu                           29,738 ₺         27,000 ₺  67
  Müstakil Tapulu                       28,490 ₺         21,750 ₺  26
  Hisseli Tapu                          26,625 ₺         25,000 ₺  28
  İntifa Hakkı Tesisli                  24,250 ₺         24,250 ₺  2

isinma:
  Category                       Mean Price      Median Price    Count
  ---------------------------------------------------------------------------
  Merkezi (Pay Ölçer)                   66,814 ₺         58,250 ₺  306
  Yerden Isıtma                         60,863 ₺         44,000 ₺  19
  Fancoil Ünitesi                       57,000 ₺         57,000 ₺  1
  Kombi (Elektrik)                      42,500 ₺         42,500 ₺  1
  Kombi (Doğalgaz)                      39,045 ₺         32,500 ₺  839
  Merkezi                               37,587 ₺         31,750 ₺  70
  Kat Kaloriferi                        35,667 ₺         35,000 ₺  3
  Doğalgaz Sobası                       23,612 ₺         22,750 ₺  4
  Klima                                 20,000 ₺         20,000 ₺  1
  Yok                                   18,583 ₺         17,500 ₺  6
  Soba                                  17,406 ₺         17,500 ₺  8

================================================================================
CORRELATION ANALYSIS
================================================================================

Correlation Matrix:
                 fiyat    net_m2  banyo_sayisi
fiyat         1.000000  0.626734      0.588272
net_m2        0.626734  1.000000      0.619709
banyo_sayisi  0.588272  0.619709      1.000000


High Correlations (|r| > 0.7):
  No high correlations found.

================================================================================
OUTLIER DETECTION (IQR Method)
================================================================================

fiyat:
  Bounds: [-9718.75, 89031.25]
  Outliers: 100 (7.95%)

net_m2:
  Bounds: [-12.50, 167.50]
  Outliers: 31 (2.46%)

banyo_sayisi:
  Bounds: [1.00, 1.00]
  Outliers: 269 (21.38%)

================================================================================
DISTRIBUTION ANALYSIS
================================================================================

fiyat:
  Percentiles:
    1%: 16000.00
    5%: 20000.00
    10%: 23000.00
    25%: 27312.50
    50%: 37000.00
    75%: 52000.00
    90%: 80000.00
    95%: 108300.00
    99%: 153575.00

net_m2:
  Percentiles:
    1%: 24.57
    5%: 30.00
    10%: 40.00
    25%: 55.00
    50%: 75.00
    75%: 100.00
    90%: 126.00
    95%: 145.00
    99%: 208.60

banyo_sayisi:
  Percentiles:
    1%: 1.00
    5%: 1.00
    10%: 1.00
    25%: 1.00
    50%: 1.00
    75%: 1.00
    90%: 2.00
    95%: 2.00
    99%: 3.00

================================================================================
SUMMARY
================================================================================
Total rows: 1,258
Total columns: 16
Numerical columns: 3
Categorical columns: 13
Missing values: 0
Duplicate rows: 4
================================================================================
