================================================================================
NULL VALUE ANALYSIS
================================================================================
Dataset: 1,258 rows × 28 columns

================================================================================
COLUMNS WITH NULL VALUES
================================================================================
3 columns have null values:

Column                         Null Count      %          Non-Null
--------------------------------------------------------------------------------
telefon_is                     640              50.87%    618
telefon_cep                    98                7.79%    1,160
ilan_sahibi                    95                7.55%    1,163

Total: 833 null cells

================================================================================
ROWS WITH NULL VALUES
================================================================================
640 rows have nulls
Complete rows: 618

Distribution:
  1 nulls: 542 rows
  2 nulls: 3 rows
  3 nulls: 95 rows

================================================================================
SUMMARY
================================================================================
Total nulls: 833 / 35,224 cells
Rows with nulls: 640 / 1,258
Columns with nulls: 3 / 28
================================================================================
