================================================================================
OOF PREDICTIONS + FINAL MODEL — CATBOOST
================================================================================

Dataset shape : 1,006 rows × 45 columns
Target column : fiyat_log
Feature matrix: 1,006 rows × 44 features

Parameters:
  iterations             = 559
  learning_rate          = 0.03695757989673786
  depth                  = 5
  subsample              = 0.930573919743892
  colsample_bylevel      = 0.7099511354894406
  l2_leaf_reg            = 0.8983622911378986
  min_data_in_leaf       = 9
  random_seed            = 42

------------------------------------------------------------
  Fold   RMSE           MAE            R²        
------------------------------------------------------------
  1      0.197674       0.140966       0.828483  
  2      0.179554       0.136991       0.882020  
  3      0.188028       0.136776       0.851068  
  4      0.168606       0.130307       0.890399  
  5      0.185155       0.128565       0.874229  
------------------------------------------------------------

OOF RMSE : 0.184068
OOF MAE  : 0.134727
OOF R²   : 0.867104

OOF predictions saved → c:\Users\danya\Desktop\R.E.P.A.S\models\oof_predictions.csv

================================================================================
FULL TRAIN REFIT
================================================================================

Final model saved → c:\Users\danya\Desktop\R.E.P.A.S\models\catboost_final.cbm
================================================================================
