================================================================================
PIPELINE START
================================================================================

[01null_value_analysis]
     OK

[02data_cleaning]
     OK

[03eda]
     OK

[04feature_transformation]
     OK

[05model_eda]
     OK

[06feature_engineering]
     OK

[07train_test_split]
     OK

[08random_forest_baseline]
     OK

[09boosting_baselines]
     OK

[10catboost_tuning]
     OK

[11oof_final_model]
     OK

[12test_evaluation]
     OK

[13final_refit]
     OK

================================================================================
PIPELINE COMPLETE
================================================================================
