================================================================================
RANDOM FOREST BASELINE — 5-FOLD CROSS VALIDATION
================================================================================

Dataset shape : 1,006 rows × 45 columns
Target column : fiyat_log
Feature matrix: 1,006 rows × 44 features

------------------------------------------------------------
Fold   RMSE           MAE            R²        
------------------------------------------------------------
  1    0.193368       0.141807       0.835875  
  2    0.188143       0.143382       0.870462  
  3    0.210015       0.155848       0.814200  
  4    0.191151       0.140283       0.859129  
  5    0.207547       0.144775       0.841969  
------------------------------------------------------------

CV Summary:
  Mean RMSE : 0.198045  (± 0.008956)
  Mean MAE  : 0.145219
  Mean R²   : 0.844327

================================================================================
FULL TRAIN SET REFIT — FEATURE IMPORTANCE
================================================================================

Top 15 Features:
Rank   Feature                                       Importance  
-----------------------------------------------------------------
  1    kat_sayisi                                    0.336735
  2    banyo_sayisi                                  0.141636
  3    net_m2                                        0.119976
  4    site_icerisinde                               0.093401
  5    toplam_oda                                    0.047409
  6    asansor                                       0.032805
  7    floor_ratio                                   0.024908
  8    bina_yasi                                     0.024130
  9    bulundugu_kat                                 0.019867
  10   bath_per_room                                 0.018428
  11   room_density                                  0.016075
  12   m2_per_room                                   0.014100
  13   esyali                                        0.008155
  14   mahalle_Ferhatpaşa Mh.                        0.007225
  15   mahalle_Küçükbakkalköy Mh.                    0.007181
================================================================================
